2021-07-23 09:42:26,745                      main:25   - [] - Consumer start running - c.v.MainApplication    
2021-07-23 09:42:26,774                  <clinit>:20   - [] - Path reader C:\Users\antv2\Documents\eclipse-workspace\RestConsumer\file-config\config.properties - .v.c.LoadConfiguration 
2021-07-23 09:42:26,864   receiveAndUpdateRequest:39   - [] - Connection RabbitMQ success - .s.ConsumerServiceImpl 
2021-07-23 09:42:26,869                      main:40   - [] - Application started.%nStop the application using CTRL+C - c.v.MainApplication    
2021-07-23 09:58:50,755 receiveAndUpdateRequest$0:55   - [1601353776839FT19310RH6P1] - Consumer received request: Request(id=0, tokenKey=1601353776839FT19310RH6P1, apiID=restPayment, mobile=0145225630, bankCode=970445, accountNo=0001100014211002, payDate=20200929112923, addtionalData=null, debitAmount=11200, respCode=00, respDesc=SUCCESS, traceTransfer=FT19310RH6P1, messageType=null, item=[Item(qrInfor=000201010212262200069084050108VNPAY0015204573253037045405112005802VN5904VBAN62660307Vban001051801200929114391692707082QXUI4J40817Thanh, quantity=1, note=null)], checkSum=40e670720b754324af3d3a0ff49b52fb, orderCode=FT19310RH6P1, userName=cntest001, realAmount=11200, promotionCode=null, queueNameResponse=null, addValue={"payMethod":"01","payMethodMMS":1}) - .s.ConsumerServiceImpl 
2021-07-23 09:58:50,772 receiveAndUpdateRequest$0:63   - [1601353776839FT19310RH6P1] - Connection jedis success - .s.ConsumerServiceImpl 
2021-07-23 09:58:52,132             insertRequest:32   - [1601353776839FT19310RH6P1] - Connect to data success - c.v.d.JdbcTemplateImpl 
2021-07-23 09:58:52,144             insertRequest:54   - [1601353776839FT19310RH6P1] - Insert to database: INSERT INTO TEST_REQUEST_DM (ACCOUNT_NO, ADD_VALUE, ADDTIONAL_DATA, APIID, BANK_CODE, CHECK_SUM, DEBIT_AMOUNT, ITEM, MESSAGE_TYPE, MOBILE, ORDER_CODE, PAY_DATE, PROMOTION_CODE, QUEUE_NAME_RESPONSE, REAL_AMOUNT, RESP_CODE, RESP_DESC, TOKEN_KEY, TRACE_TRANSFER, USER_NAME) VALUES (?, ?, ?, ?, ?, ?, ?, ?, ?, ?, ?, ?, ?, ?, ?, ?, ?, ?, ?, ?) - c.v.d.JdbcTemplateImpl 
2021-07-23 09:58:52,155             insertRequest:58   - [1601353776839FT19310RH6P1] - Insert to database success - c.v.d.JdbcTemplateImpl 
2021-07-23 09:58:52,158 receiveAndUpdateRequest$0:80   - [1601353776839FT19310RH6P1] - Caching request with 86400 seconds - .s.ConsumerServiceImpl 
2021-07-23 09:58:52,342                  sendPost:44   - [1601353776839FT19310RH6P1] - Send post request to http://localhost:8090/http/ok with data Request(id=0, tokenKey=1601353776839FT19310RH6P1, apiID=restPayment, mobile=0145225630, bankCode=970445, accountNo=0001100014211002, payDate=20200929112923, addtionalData=null, debitAmount=11200, respCode=00, respDesc=SUCCESS, traceTransfer=FT19310RH6P1, messageType=null, item=, checkSum=40e670720b754324af3d3a0ff49b52fb, orderCode=FT19310RH6P1, userName=cntest001, realAmount=11200, promotionCode=null, queueNameResponse=null, addValue={"payMethod":"01","payMethodMMS":1}) - c.v.c.HttpClient       
2021-07-23 09:58:52,594 receiveAndUpdateRequest$0:82   - [1601353776839FT19310RH6P1] - Received message from http client http://localhost:8090/http/ok with message Success - .s.ConsumerServiceImpl 
2021-07-23 09:58:52,594 receiveAndUpdateRequest$0:88   - [1601353776839FT19310RH6P1] - Consumer send response to Publisher: Success - .s.ConsumerServiceImpl 
2021-07-23 09:59:13,631 receiveAndUpdateRequest$0:55   - [1601353776839FT19310RH6P3] - Consumer received request: Request(id=0, tokenKey=1601353776839FT19310RH6P3, apiID=restPayment, mobile=0145225630, bankCode=970445, accountNo=0001100014211002, payDate=20200929112923, addtionalData=, debitAmount=11200, respCode=00, respDesc=SUCCESS, traceTransfer=FT19310RH6P1, messageType=1, item=[Item(qrInfor=000201010212262200069084050108VNPAY0015204573253037045405112005802VN5904VBAN62660307Vban001051801200929114391692707082QXUI4J40817Thanh toan Qrcode6304015B, quantity=1, note=)], checkSum=40e670720b754324af3d3a0ff49b52fb, orderCode=FT19310RH6P1, userName=cntest001, realAmount=11200, promotionCode=, queueNameResponse=queue.payment.qrcodeV2.restPayment, addValue={"payMethod":"01","payMethodMMS":1}) - .s.ConsumerServiceImpl 
2021-07-23 09:59:13,631 receiveAndUpdateRequest$0:63   - [1601353776839FT19310RH6P3] - Connection jedis success - .s.ConsumerServiceImpl 
2021-07-23 09:59:13,633             insertRequest:32   - [1601353776839FT19310RH6P3] - Connect to data success - c.v.d.JdbcTemplateImpl 
2021-07-23 09:59:13,634             insertRequest:54   - [1601353776839FT19310RH6P3] - Insert to database: INSERT INTO TEST_REQUEST_DM (ACCOUNT_NO, ADD_VALUE, ADDTIONAL_DATA, APIID, BANK_CODE, CHECK_SUM, DEBIT_AMOUNT, ITEM, MESSAGE_TYPE, MOBILE, ORDER_CODE, PAY_DATE, PROMOTION_CODE, QUEUE_NAME_RESPONSE, REAL_AMOUNT, RESP_CODE, RESP_DESC, TOKEN_KEY, TRACE_TRANSFER, USER_NAME) VALUES (?, ?, ?, ?, ?, ?, ?, ?, ?, ?, ?, ?, ?, ?, ?, ?, ?, ?, ?, ?) - c.v.d.JdbcTemplateImpl 
2021-07-23 09:59:13,638             insertRequest:58   - [1601353776839FT19310RH6P3] - Insert to database success - c.v.d.JdbcTemplateImpl 
2021-07-23 09:59:13,639 receiveAndUpdateRequest$0:80   - [1601353776839FT19310RH6P3] - Caching request with 86400 seconds - .s.ConsumerServiceImpl 
2021-07-23 09:59:13,642                  sendPost:44   - [1601353776839FT19310RH6P3] - Send post request to http://localhost:8090/http/ok with data Request(id=0, tokenKey=1601353776839FT19310RH6P3, apiID=restPayment, mobile=0145225630, bankCode=970445, accountNo=0001100014211002, payDate=20200929112923, addtionalData=, debitAmount=11200, respCode=00, respDesc=SUCCESS, traceTransfer=FT19310RH6P1, messageType=1, item=, checkSum=40e670720b754324af3d3a0ff49b52fb, orderCode=FT19310RH6P1, userName=cntest001, realAmount=11200, promotionCode=, queueNameResponse=queue.payment.qrcodeV2.restPayment, addValue={"payMethod":"01","payMethodMMS":1}) - c.v.c.HttpClient       
2021-07-23 09:59:13,653 receiveAndUpdateRequest$0:82   - [1601353776839FT19310RH6P3] - Received message from http client http://localhost:8090/http/ok with message Success - .s.ConsumerServiceImpl 
2021-07-23 09:59:13,653 receiveAndUpdateRequest$0:88   - [1601353776839FT19310RH6P3] - Consumer send response to Publisher: Success - .s.ConsumerServiceImpl 
2021-07-23 09:59:23,052             lambda$main$0:30   - [] - Shutting down the application... - c.v.MainApplication    
2021-07-23 10:01:13,177                      main:25   - [] - Consumer start running - c.v.MainApplication    
2021-07-23 10:01:13,235                  <clinit>:20   - [] - Path reader C:\Users\antv2\Documents\eclipse-workspace\RestConsumer\file-config\config.properties - .v.c.LoadConfiguration 
2021-07-23 10:01:13,344   receiveAndUpdateRequest:39   - [] - Connection RabbitMQ success - .s.ConsumerServiceImpl 
2021-07-23 10:01:13,348                      main:40   - [] - Application started.%nStop the application using CTRL+C - c.v.MainApplication    
2021-07-23 10:01:13,358 receiveAndUpdateRequest$0:55   - [1601353776839FT19310RH6P2] - Consumer received request: Request(id=0, tokenKey=1601353776839FT19310RH6P2, apiID=restPayment, mobile=0145225630, bankCode=970445, accountNo=0001100014211002, payDate=20200929112923, addtionalData=null, debitAmount=11200, respCode=00, respDesc=SUCCESS, traceTransfer=FT19310RH6P1, messageType=null, item=[Item(qrInfor=000201010212262200069084050108VNPAY0015204573253037045405112005802VN5904VBAN62660307Vban001051801200929114391692707082QXUI4J40817Thanh, quantity=1, note=null)], checkSum=40e670720b754324af3d3a0ff49b52fb, orderCode=FT19310RH6P1, userName=cntest001, realAmount=11200, promotionCode=null, queueNameResponse=null, addValue={"payMethod":"01","payMethodMMS":1}) - .s.ConsumerServiceImpl 
2021-07-23 10:01:13,372 receiveAndUpdateRequest$0:63   - [1601353776839FT19310RH6P2] - Connection jedis success - .s.ConsumerServiceImpl 
2021-07-23 10:01:14,619             insertRequest:32   - [1601353776839FT19310RH6P2] - Connect to data success - c.v.d.JdbcTemplateImpl 
2021-07-23 10:01:14,631             insertRequest:54   - [1601353776839FT19310RH6P2] - Insert to database: INSERT INTO TEST_REQUEST_DM (ACCOUNT_NO, ADD_VALUE, ADDTIONAL_DATA, APIID, BANK_CODE, CHECK_SUM, DEBIT_AMOUNT, ITEM, MESSAGE_TYPE, MOBILE, ORDER_CODE, PAY_DATE, PROMOTION_CODE, QUEUE_NAME_RESPONSE, REAL_AMOUNT, RESP_CODE, RESP_DESC, TOKEN_KEY, TRACE_TRANSFER, USER_NAME) VALUES (?, ?, ?, ?, ?, ?, ?, ?, ?, ?, ?, ?, ?, ?, ?, ?, ?, ?, ?, ?) - c.v.d.JdbcTemplateImpl 
2021-07-23 10:01:14,636             insertRequest:58   - [1601353776839FT19310RH6P2] - Insert to database success - c.v.d.JdbcTemplateImpl 
2021-07-23 10:01:14,640 receiveAndUpdateRequest$0:80   - [1601353776839FT19310RH6P2] - Caching request with 86400 seconds - .s.ConsumerServiceImpl 
2021-07-23 10:01:14,768                  sendPost:44   - [1601353776839FT19310RH6P2] - Send post request to http://localhost:8090/http/ok with data Request(id=0, tokenKey=1601353776839FT19310RH6P2, apiID=restPayment, mobile=0145225630, bankCode=970445, accountNo=0001100014211002, payDate=20200929112923, addtionalData=null, debitAmount=11200, respCode=00, respDesc=SUCCESS, traceTransfer=FT19310RH6P1, messageType=null, item=, checkSum=40e670720b754324af3d3a0ff49b52fb, orderCode=FT19310RH6P1, userName=cntest001, realAmount=11200, promotionCode=null, queueNameResponse=null, addValue={"payMethod":"01","payMethodMMS":1}) - c.v.c.HttpClient       
2021-07-23 10:01:15,003 receiveAndUpdateRequest$0:82   - [1601353776839FT19310RH6P2] - Received message from http client http://localhost:8090/http/ok with message Success - .s.ConsumerServiceImpl 
2021-07-23 10:01:15,004 receiveAndUpdateRequest$0:88   - [1601353776839FT19310RH6P2] - Consumer send response to Publisher: Success - .s.ConsumerServiceImpl 
2021-07-23 10:03:02,973             lambda$main$0:30   - [] - Shutting down the application... - c.v.MainApplication    
2021-07-23 10:30:59,043                  sendPost:44   - [] - Send post request to http://localhost:8090/http/ok with data Request(id=0, tokenKey=1601353776839FT19310RH6P1, apiID=null, mobile=null, bankCode=null, accountNo=null, payDate=null, addtionalData=null, debitAmount=0, respCode=null, respDesc=null, traceTransfer=null, messageType=null, item=, checkSum=null, orderCode=null, userName=null, realAmount=0, promotionCode=null, queueNameResponse=null, addValue=null) - c.v.c.HttpClient       
2021-07-23 10:31:19,955                  sendPost:44   - [] - Send post request to http://localhost:8090/http/ok with data Request(id=0, tokenKey=1601353776839FT19310RH6P1, apiID=null, mobile=null, bankCode=null, accountNo=null, payDate=null, addtionalData=null, debitAmount=0, respCode=null, respDesc=null, traceTransfer=null, messageType=null, item=, checkSum=null, orderCode=null, userName=null, realAmount=0, promotionCode=null, queueNameResponse=null, addValue=null) - c.v.c.HttpClient       
2021-07-23 10:32:51,688                  sendPost:44   - [] - Send post request to http://localhost:8090/http/notFound with data Request(id=0, tokenKey=1601353776839FT19310RH6P1, apiID=null, mobile=null, bankCode=null, accountNo=null, payDate=null, addtionalData=null, debitAmount=0, respCode=null, respDesc=null, traceTransfer=null, messageType=null, item=, checkSum=null, orderCode=null, userName=null, realAmount=0, promotionCode=null, queueNameResponse=null, addValue=null) - c.v.c.HttpClient       
2021-07-23 10:34:00,371                  sendPost:44   - [] - Send post request to http://localhost:8090/http/ok with data Request(id=0, tokenKey=1601353776839FT19310RH6P1, apiID=null, mobile=null, bankCode=null, accountNo=null, payDate=null, addtionalData=null, debitAmount=0, respCode=null, respDesc=null, traceTransfer=null, messageType=null, item=, checkSum=null, orderCode=null, userName=null, realAmount=0, promotionCode=null, queueNameResponse=null, addValue=null) - c.v.c.HttpClient       
2021-07-23 10:34:05,885                  sendPost:44   - [] - Send post request to http://localhost:8090/http/notFound with data Request(id=0, tokenKey=1601353776839FT19310RH6P1, apiID=null, mobile=null, bankCode=null, accountNo=null, payDate=null, addtionalData=null, debitAmount=0, respCode=null, respDesc=null, traceTransfer=null, messageType=null, item=, checkSum=null, orderCode=null, userName=null, realAmount=0, promotionCode=null, queueNameResponse=null, addValue=null) - c.v.c.HttpClient       
2021-07-23 10:34:46,660                  sendPost:44   - [] - Send post request to http://localhost:8090/http/notFound with data Request(id=0, tokenKey=1601353776839FT19310RH6P1, apiID=null, mobile=null, bankCode=null, accountNo=null, payDate=null, addtionalData=null, debitAmount=0, respCode=null, respDesc=null, traceTransfer=null, messageType=null, item=, checkSum=null, orderCode=null, userName=null, realAmount=0, promotionCode=null, queueNameResponse=null, addValue=null) - c.v.c.HttpClient       
2021-07-23 10:36:09,375                  sendPost:44   - [] - Send post request to http://localhost:8090/http/notFound with data Request(id=0, tokenKey=1601353776839FT19310RH6P1, apiID=null, mobile=null, bankCode=null, accountNo=null, payDate=null, addtionalData=null, debitAmount=0, respCode=null, respDesc=null, traceTransfer=null, messageType=null, item=, checkSum=null, orderCode=null, userName=null, realAmount=0, promotionCode=null, queueNameResponse=null, addValue=null) - c.v.c.HttpClient       
2021-07-23 10:57:07,511                  <clinit>:20   - [] - Path reader C:\Users\antv2\Documents\eclipse-workspace\RestConsumer\file-config\config.properties - .v.c.LoadConfiguration 
2021-07-23 10:57:08,847             insertRequest:32   - [] - Connect to data success - c.v.d.JdbcTemplateImpl 
